2017-02-14 12:00:13,999 INFO  c.c.d.collector.CollectorTask - -----------------------------------
2017-02-14 12:00:14,003 INFO  c.c.d.collector.CollectorTask - server1
2017-02-14 12:00:14,004 INFO  c.c.d.collector.CollectorTask - -----------------------------------
2017-02-14 12:00:14,005 INFO  c.c.d.collector.CollectorTask - Fetched jobs                     0s
2017-02-14 12:00:14,014 INFO  c.c.d.collector.CollectorTask - New jobs                0        0s
2017-02-14 12:00:14,014 INFO  c.c.d.collector.CollectorTask - New builds              0        0s
2017-02-14 12:00:14,014 INFO  c.c.d.collector.CollectorTask - Finished                         0s
2017-02-14 12:00:14,026 INFO  c.c.d.collector.CollectorTask - -----------------------------------
2017-02-14 12:00:14,026 INFO  c.c.d.collector.CollectorTask - server1
2017-02-14 12:00:14,026 INFO  c.c.d.collector.CollectorTask - -----------------------------------
2017-02-14 12:00:14,027 INFO  c.c.d.collector.CollectorTask - Fetched jobs                     0s
2017-02-14 12:00:14,027 INFO  c.c.d.collector.CollectorTask - New jobs                1        0s
2017-02-14 12:00:14,027 INFO  c.c.d.collector.CollectorTask - New builds              0        0s
2017-02-14 12:00:14,027 INFO  c.c.d.collector.CollectorTask - Finished                         0s
2017-02-14 12:00:14,030 INFO  c.c.d.collector.CollectorTask - -----------------------------------
2017-02-14 12:00:14,031 INFO  c.c.d.collector.CollectorTask - server1
2017-02-14 12:00:14,031 INFO  c.c.d.collector.CollectorTask - -----------------------------------
2017-02-14 12:00:14,031 INFO  c.c.d.collector.CollectorTask - Fetched jobs                     0s
2017-02-14 12:00:14,031 INFO  c.c.d.collector.CollectorTask - New jobs                0        0s
2017-02-14 12:00:14,031 INFO  c.c.d.collector.CollectorTask - New builds              0        0s
2017-02-14 12:00:14,032 INFO  c.c.d.collector.CollectorTask - Finished                         0s
2017-02-14 12:00:14,034 INFO  c.c.d.collector.CollectorTask - -----------------------------------
2017-02-14 12:00:14,034 INFO  c.c.d.collector.CollectorTask - server1
2017-02-14 12:00:14,035 INFO  c.c.d.collector.CollectorTask - -----------------------------------
2017-02-14 12:00:14,035 INFO  c.c.d.collector.CollectorTask - Fetched jobs                     0s
2017-02-14 12:00:14,035 INFO  c.c.d.collector.CollectorTask - New jobs                1        0s
2017-02-14 12:00:14,035 INFO  c.c.d.collector.CollectorTask - New builds              0        0s
2017-02-14 12:00:14,035 INFO  c.c.d.collector.CollectorTask - Finished                         0s
2017-02-14 12:00:14,037 INFO  c.c.d.collector.CollectorTask - -----------------------------------
2017-02-14 12:00:14,037 INFO  c.c.d.collector.CollectorTask - server1
2017-02-14 12:00:14,037 INFO  c.c.d.collector.CollectorTask - -----------------------------------
2017-02-14 12:00:14,038 INFO  c.c.d.collector.CollectorTask - Fetched jobs                     0s
2017-02-14 12:00:14,038 INFO  c.c.d.collector.CollectorTask - New jobs                2        0s
2017-02-14 12:00:14,038 INFO  c.c.d.collector.CollectorTask - New builds              0        0s
2017-02-14 12:00:14,038 INFO  c.c.d.collector.CollectorTask - Finished                         0s
2017-02-14 12:00:14,040 INFO  c.c.d.collector.CollectorTask - -----------------------------------
2017-02-14 12:00:14,040 INFO  c.c.d.collector.CollectorTask - server1
2017-02-14 12:00:14,040 INFO  c.c.d.collector.CollectorTask - -----------------------------------
2017-02-14 12:00:14,040 INFO  c.c.d.collector.CollectorTask - Fetched jobs                     0s
2017-02-14 12:00:14,040 INFO  c.c.d.collector.CollectorTask - New jobs                1        0s
2017-02-14 12:00:14,040 INFO  c.c.d.collector.CollectorTask - New builds              0        0s
2017-02-14 12:00:14,040 INFO  c.c.d.collector.CollectorTask - Finished                         0s
2017-02-14 12:00:14,042 INFO  c.c.d.collector.CollectorTask - -----------------------------------
2017-02-14 12:00:14,042 INFO  c.c.d.collector.CollectorTask - server1
2017-02-14 12:00:14,042 INFO  c.c.d.collector.CollectorTask - -----------------------------------
2017-02-14 12:00:14,042 INFO  c.c.d.collector.CollectorTask - Fetched jobs                     0s
2017-02-14 12:00:14,042 INFO  c.c.d.collector.CollectorTask - New jobs                1        0s
2017-02-14 12:00:14,043 INFO  c.c.d.collector.CollectorTask - New builds              1        0s
2017-02-14 12:00:14,043 INFO  c.c.d.collector.CollectorTask - Finished                         0s
2017-02-14 12:00:14,048 INFO  c.c.d.collector.CollectorTask - -----------------------------------
2017-02-14 12:00:14,049 INFO  c.c.d.collector.CollectorTask - server1
2017-02-14 12:00:14,049 INFO  c.c.d.collector.CollectorTask - -----------------------------------
2017-02-14 12:00:14,050 INFO  c.c.d.collector.CollectorTask - Fetched jobs                     0s
2017-02-14 12:00:14,050 INFO  c.c.d.collector.CollectorTask - New jobs                0        0s
2017-02-14 12:00:14,050 INFO  c.c.d.collector.CollectorTask - New builds              0        0s
2017-02-14 12:00:14,051 INFO  c.c.d.collector.CollectorTask - Finished                         0s
2017-02-14 12:18:14,466 INFO  c.c.d.collector.CollectorTask - -----------------------------------
2017-02-14 12:18:14,474 INFO  c.c.d.collector.CollectorTask - server1
2017-02-14 12:18:14,474 INFO  c.c.d.collector.CollectorTask - -----------------------------------
2017-02-14 12:18:14,476 INFO  c.c.d.collector.CollectorTask - Fetched jobs                     0s
2017-02-14 12:18:14,484 INFO  c.c.d.collector.CollectorTask - New jobs                0        0s
2017-02-14 12:18:14,484 INFO  c.c.d.collector.CollectorTask - New builds              0        0s
2017-02-14 12:18:14,484 INFO  c.c.d.collector.CollectorTask - Finished                         0s
2017-02-14 12:18:14,498 INFO  c.c.d.collector.CollectorTask - -----------------------------------
2017-02-14 12:18:14,498 INFO  c.c.d.collector.CollectorTask - server1
2017-02-14 12:18:14,498 INFO  c.c.d.collector.CollectorTask - -----------------------------------
2017-02-14 12:18:14,498 INFO  c.c.d.collector.CollectorTask - Fetched jobs                     0s
2017-02-14 12:18:14,498 INFO  c.c.d.collector.CollectorTask - New jobs                1        0s
2017-02-14 12:18:14,499 INFO  c.c.d.collector.CollectorTask - New builds              0        0s
2017-02-14 12:18:14,499 INFO  c.c.d.collector.CollectorTask - Finished                         0s
2017-02-14 12:18:14,502 INFO  c.c.d.collector.CollectorTask - -----------------------------------
2017-02-14 12:18:14,502 INFO  c.c.d.collector.CollectorTask - server1
2017-02-14 12:18:14,502 INFO  c.c.d.collector.CollectorTask - -----------------------------------
2017-02-14 12:18:14,503 INFO  c.c.d.collector.CollectorTask - Fetched jobs                     0s
2017-02-14 12:18:14,503 INFO  c.c.d.collector.CollectorTask - New jobs                0        0s
2017-02-14 12:18:14,503 INFO  c.c.d.collector.CollectorTask - New builds              0        0s
2017-02-14 12:18:14,503 INFO  c.c.d.collector.CollectorTask - Finished                         0s
2017-02-14 12:18:14,505 INFO  c.c.d.collector.CollectorTask - -----------------------------------
2017-02-14 12:18:14,505 INFO  c.c.d.collector.CollectorTask - server1
2017-02-14 12:18:14,506 INFO  c.c.d.collector.CollectorTask - -----------------------------------
2017-02-14 12:18:14,506 INFO  c.c.d.collector.CollectorTask - Fetched jobs                     0s
2017-02-14 12:18:14,506 INFO  c.c.d.collector.CollectorTask - New jobs                1        0s
2017-02-14 12:18:14,506 INFO  c.c.d.collector.CollectorTask - New builds              0        0s
2017-02-14 12:18:14,506 INFO  c.c.d.collector.CollectorTask - Finished                         0s
2017-02-14 12:18:14,507 INFO  c.c.d.collector.CollectorTask - -----------------------------------
2017-02-14 12:18:14,508 INFO  c.c.d.collector.CollectorTask - server1
2017-02-14 12:18:14,508 INFO  c.c.d.collector.CollectorTask - -----------------------------------
2017-02-14 12:18:14,508 INFO  c.c.d.collector.CollectorTask - Fetched jobs                     0s
2017-02-14 12:18:14,508 INFO  c.c.d.collector.CollectorTask - New jobs                2        0s
2017-02-14 12:18:14,508 INFO  c.c.d.collector.CollectorTask - New builds              0        0s
2017-02-14 12:18:14,509 INFO  c.c.d.collector.CollectorTask - Finished                         0s
2017-02-14 12:18:14,510 INFO  c.c.d.collector.CollectorTask - -----------------------------------
2017-02-14 12:18:14,510 INFO  c.c.d.collector.CollectorTask - server1
2017-02-14 12:18:14,510 INFO  c.c.d.collector.CollectorTask - -----------------------------------
2017-02-14 12:18:14,510 INFO  c.c.d.collector.CollectorTask - Fetched jobs                     0s
2017-02-14 12:18:14,511 INFO  c.c.d.collector.CollectorTask - New jobs                1        0s
2017-02-14 12:18:14,511 INFO  c.c.d.collector.CollectorTask - New builds              0        0s
2017-02-14 12:18:14,511 INFO  c.c.d.collector.CollectorTask - Finished                         0s
2017-02-14 12:18:14,512 INFO  c.c.d.collector.CollectorTask - -----------------------------------
2017-02-14 12:18:14,512 INFO  c.c.d.collector.CollectorTask - server1
2017-02-14 12:18:14,513 INFO  c.c.d.collector.CollectorTask - -----------------------------------
2017-02-14 12:18:14,513 INFO  c.c.d.collector.CollectorTask - Fetched jobs                     0s
2017-02-14 12:18:14,513 INFO  c.c.d.collector.CollectorTask - New jobs                1        0s
2017-02-14 12:18:14,513 INFO  c.c.d.collector.CollectorTask - New builds              1        0s
2017-02-14 12:18:14,513 INFO  c.c.d.collector.CollectorTask - Finished                         0s
2017-02-14 12:18:14,523 INFO  c.c.d.collector.CollectorTask - -----------------------------------
2017-02-14 12:18:14,524 INFO  c.c.d.collector.CollectorTask - server1
2017-02-14 12:18:14,524 INFO  c.c.d.collector.CollectorTask - -----------------------------------
2017-02-14 12:18:14,525 INFO  c.c.d.collector.CollectorTask - Fetched jobs                     0s
2017-02-14 12:18:14,525 INFO  c.c.d.collector.CollectorTask - New jobs                0        0s
2017-02-14 12:18:14,525 INFO  c.c.d.collector.CollectorTask - New builds              0        0s
2017-02-14 12:18:14,525 INFO  c.c.d.collector.CollectorTask - Finished                         0s
